<?xml version="1.0" encoding="UTF-8"?>
<robot generator="Robot 7.2 (Python 3.13.1 on win32)" generated="2025-01-31T21:58:38.349935" rpa="false" schemaversion="5">
<suite id="s1" name="Cart" source="D:\Projects\Robot-web-python-cicd-github\tests\cart.robot">
<test id="s1-t1" name="Scenario - Add an item to cart" line="10">
<kw name="Iniciar sessão" owner="settings" type="SETUP">
<kw name="Configurar Navegador" owner="customKeywords">
<kw name="Evaluate" owner="BuiltIn">
<msg time="2025-01-31T21:58:38.629619" level="INFO">${options} = &lt;selenium.webdriver.chrome.options.Options object at 0x0000018833287B60&gt;</msg>
<var>${options}</var>
<arg>sys.modules['selenium.webdriver'].ChromeOptions()</arg>
<arg>sys, selenium.webdriver</arg>
<doc>Evaluates the given expression in Python and returns the result.</doc>
<status status="PASS" start="2025-01-31T21:58:38.629405" elapsed="0.000248"/>
</kw>
<kw name="Run Keyword If" owner="BuiltIn">
<kw name="Call Method" owner="BuiltIn">
<arg>${options}</arg>
<arg>add_argument</arg>
<arg>--headless</arg>
<doc>Calls the named method of the given object with the provided arguments.</doc>
<status status="PASS" start="2025-01-31T21:58:38.629966" elapsed="0.000121"/>
</kw>
<arg>${headless} == True</arg>
<arg>Call Method</arg>
<arg>${options}</arg>
<arg>add_argument</arg>
<arg>--headless</arg>
<doc>Runs the given keyword with the given arguments, if ``condition`` is true.</doc>
<status status="PASS" start="2025-01-31T21:58:38.629780" elapsed="0.000369"/>
</kw>
<kw name="Call Method" owner="BuiltIn">
<arg>${options}</arg>
<arg>add_argument</arg>
<arg>--disable-gpu</arg>
<doc>Calls the named method of the given object with the provided arguments.</doc>
<status status="PASS" start="2025-01-31T21:58:38.630239" elapsed="0.000091"/>
</kw>
<kw name="Call Method" owner="BuiltIn">
<arg>${options}</arg>
<arg>add_argument</arg>
<arg>--no-sandbox</arg>
<doc>Calls the named method of the given object with the provided arguments.</doc>
<status status="PASS" start="2025-01-31T21:58:38.630413" elapsed="0.000090"/>
</kw>
<kw name="Open Browser" owner="SeleniumLibrary">
<msg time="2025-01-31T21:58:38.630801" level="INFO">Opening browser 'chrome' to base url 'https://www.saucedemo.com/'.</msg>
<arg>${base_url}</arg>
<arg>${browser}</arg>
<arg>options=${options}</arg>
<doc>Opens a new browser instance to the optional ``url``.</doc>
<status status="PASS" start="2025-01-31T21:58:38.630605" elapsed="1.559780"/>
</kw>
<kw name="Maximize Browser Window" owner="SeleniumLibrary">
<doc>Maximizes current browser window.</doc>
<status status="PASS" start="2025-01-31T21:58:40.190592" elapsed="0.021435"/>
</kw>
<doc>Configura e inicializa o navegador.</doc>
<status status="PASS" start="2025-01-31T21:58:38.628940" elapsed="1.583204"/>
</kw>
<doc>Iniciando sessão</doc>
<status status="PASS" start="2025-01-31T21:58:38.628672" elapsed="1.583550"/>
</kw>
<kw name="log in" owner="login_keywords">
<kw name="Input Text" owner="SeleniumLibrary">
<msg time="2025-01-31T21:58:40.213199" level="INFO">Typing text 'standard_user' into text field 'user-name'.</msg>
<arg>${USERNAME_FIELD}</arg>
<arg>${username}</arg>
<doc>Types the given ``text`` into the text field identified by ``locator``.</doc>
<status status="PASS" start="2025-01-31T21:58:40.212864" elapsed="0.080041"/>
</kw>
<kw name="Input Text" owner="SeleniumLibrary">
<msg time="2025-01-31T21:58:40.293299" level="INFO">Typing text 'secret_sauce' into text field 'password'.</msg>
<arg>${PASSWORD_FIELD}</arg>
<arg>${password}</arg>
<doc>Types the given ``text`` into the text field identified by ``locator``.</doc>
<status status="PASS" start="2025-01-31T21:58:40.293081" elapsed="0.058555"/>
</kw>
<kw name="Tirar Screenshot" owner="EvidenceLibrary">
<arg>os campos 'username' e 'senha' foram preenchidos</arg>
<doc>Captura uma screenshot do navegador e armazena junto com o texto.</doc>
<status status="PASS" start="2025-01-31T21:58:40.351796" elapsed="0.159277"/>
</kw>
<kw name="Click Button" owner="SeleniumLibrary">
<msg time="2025-01-31T21:58:40.511437" level="INFO">Clicking button 'login-button'.</msg>
<arg>${LOGIN_BUTTON}</arg>
<doc>Clicks the button identified by ``locator``.</doc>
<status status="PASS" start="2025-01-31T21:58:40.511236" elapsed="0.074848"/>
</kw>
<arg>${USUARIO}</arg>
<arg>${SENHA}</arg>
<status status="PASS" start="2025-01-31T21:58:40.212548" elapsed="0.373627"/>
</kw>
<kw name="Sleep" owner="BuiltIn">
<msg time="2025-01-31T21:58:41.187016" level="INFO">Slept 600 milliseconds.</msg>
<arg>0.6</arg>
<doc>Pauses the test executed for the given time.</doc>
<status status="PASS" start="2025-01-31T21:58:40.586426" elapsed="0.600715"/>
</kw>
<kw name="Add product to cart" owner="Product_keyword">
<kw name="Set Variable" owner="BuiltIn">
<msg time="2025-01-31T21:58:41.188016" level="INFO">${btnAddToCart} = //div[@data-test='inventory-item-name'][text()='Sauce Labs Onesie']//following::button[text()='Add to cart'][1]</msg>
<var>${btnAddToCart}</var>
<arg>//div[@data-test='inventory-item-name'][text()='${product_name}']//following::button[text()='Add to cart'][1]</arg>
<doc>Returns the given values which can then be assigned to a variables.</doc>
<status status="PASS" start="2025-01-31T21:58:41.187845" elapsed="0.000195"/>
</kw>
<kw name="Tirar Screenshot" owner="EvidenceLibrary">
<arg>Add product to cart</arg>
<doc>Captura uma screenshot do navegador e armazena junto com o texto.</doc>
<status status="PASS" start="2025-01-31T21:58:41.188129" elapsed="0.161379"/>
</kw>
<kw name="Wait Until Element Is Visible" owner="SeleniumLibrary">
<arg>xpath=${btnAddToCart}</arg>
<doc>Waits until the element ``locator`` is visible.</doc>
<status status="PASS" start="2025-01-31T21:58:41.349690" elapsed="0.014962"/>
</kw>
<kw name="Click Element" owner="SeleniumLibrary">
<msg time="2025-01-31T21:58:41.364925" level="INFO">Clicking element 'xpath=//div[@data-test='inventory-item-name'][text()='Sauce Labs Onesie']//following::button[text()='Add to cart'][1]'.</msg>
<arg>xpath=${btnAddToCart}</arg>
<doc>Click the element identified by ``locator``.</doc>
<status status="PASS" start="2025-01-31T21:58:41.364770" elapsed="0.043104"/>
</kw>
<arg>productName=Sauce Labs Onesie</arg>
<doc>Add product to cart</doc>
<status status="PASS" start="2025-01-31T21:58:41.187540" elapsed="0.220433"/>
</kw>
<kw name="Sleep" owner="BuiltIn">
<msg time="2025-01-31T21:58:42.008943" level="INFO">Slept 600 milliseconds.</msg>
<arg>0.6</arg>
<doc>Pauses the test executed for the given time.</doc>
<status status="PASS" start="2025-01-31T21:58:41.408350" elapsed="0.600710"/>
</kw>
<kw name="Cart icon displays number of products added" owner="cart_keyword">
<kw name="Wait Until Element Is Visible" owner="SeleniumLibrary">
<arg>${cart.btnQuantityOfItemInCart}</arg>
<doc>Waits until the element ``locator`` is visible.</doc>
<status status="PASS" start="2025-01-31T21:58:42.009742" elapsed="0.014062"/>
</kw>
<kw name="Get Text" owner="SeleniumLibrary">
<msg time="2025-01-31T21:58:42.037372" level="INFO">${textObtained} = 1</msg>
<var>${textObtained}</var>
<arg>${cart.btnQuantityOfItemInCart}</arg>
<doc>Returns the text value of the element identified by ``locator``.</doc>
<status status="PASS" start="2025-01-31T21:58:42.023915" elapsed="0.013486"/>
</kw>
<kw name="Should Be Equal As Numbers" owner="BuiltIn">
<arg>${textObtained}</arg>
<arg>${expectedText}</arg>
<doc>Fails if objects are unequal after converting them to real numbers.</doc>
<status status="PASS" start="2025-01-31T21:58:42.037504" elapsed="0.000159"/>
</kw>
<kw name="Tirar Screenshot" owner="EvidenceLibrary">
<arg>Cart icon displays number of products added</arg>
<doc>Captura uma screenshot do navegador e armazena junto com o texto.</doc>
<status status="PASS" start="2025-01-31T21:58:42.037752" elapsed="0.161748"/>
</kw>
<arg>expectedText=1</arg>
<doc>Cart icon displays number of products added</doc>
<status status="PASS" start="2025-01-31T21:58:42.009432" elapsed="0.190173"/>
</kw>
<kw name="Sleep" owner="BuiltIn">
<msg time="2025-01-31T21:58:42.800272" level="INFO">Slept 600 milliseconds.</msg>
<arg>0.6</arg>
<doc>Pauses the test executed for the given time.</doc>
<status status="PASS" start="2025-01-31T21:58:42.199816" elapsed="0.600686"/>
</kw>
<kw name="Finalizar sessão" owner="settings" type="TEARDOWN">
<kw name="Gerar Pdf Evidencias" owner="EvidenceLibrary">
<msg time="2025-01-31T21:58:42.807150" level="INFO">PDF gerado com sucesso: results/evidences\31-01-2025\PASS_Scenario - Add an item to cart_31-01-2025_21h-58m-42s.pdf</msg>
<doc>Gera um PDF consolidando todas as evidências capturadas com melhorias de formatação.</doc>
<status status="PASS" start="2025-01-31T21:58:42.801233" elapsed="0.005971"/>
</kw>
<kw name="Close Browser" owner="SeleniumLibrary">
<doc>Closes the current browser.</doc>
<status status="PASS" start="2025-01-31T21:58:42.807308" elapsed="2.100969"/>
</kw>
<doc>Finalizando sessão</doc>
<status status="PASS" start="2025-01-31T21:58:42.800954" elapsed="2.107435"/>
</kw>
<status status="PASS" start="2025-01-31T21:58:38.628094" elapsed="6.280469"/>
</test>
<status status="PASS" start="2025-01-31T21:58:38.351366" elapsed="6.557934"/>
</suite>
<statistics>
<total>
<stat pass="1" fail="0" skip="0">All Tests</stat>
</total>
<tag>
</tag>
<suite>
<stat name="Cart" id="s1" pass="1" fail="0" skip="0">Cart</stat>
</suite>
</statistics>
<errors>
</errors>
</robot>
